\BOOKMARK [1][-]{section.1}{ Introducci\363n}{}
\BOOKMARK [1][-]{section.2}{Base te\363rica}{}
\BOOKMARK [2][-]{subsection.2.1}{Redes neuronales}{section.2}
\BOOKMARK [2][-]{subsection.2.2}{Algoritmos gen\351ticos}{section.2}
\BOOKMARK [2][-]{subsection.2.3}{Neuro-evoluci\363n}{section.2}
\BOOKMARK [1][-]{section.3}{An\341lisis del problema}{}
\BOOKMARK [2][-]{subsection.3.1}{Fortalezas y deficiencias}{section.3}
\BOOKMARK [3][-]{subsubsection.3.1.1}{Redes neuronales}{subsection.3.1}
\BOOKMARK [3][-]{subsubsection.3.1.2}{Algoritmos gen\351ticos}{subsection.3.1}
\BOOKMARK [2][-]{subsection.3.2}{Objetivos}{section.3}
\BOOKMARK [1][-]{section.4}{Dise\361o e implementaci\363n}{}
\BOOKMARK [2][-]{subsection.4.1}{ Implementaciones paralelas de las redes neuronales}{section.4}
\BOOKMARK [3][-]{subsubsection.4.1.1}{Utilizaci\363n del coprocesador XMM}{subsection.4.1}
\BOOKMARK [3][-]{subsubsection.4.1.2}{Utilizaci\363n de la arquitectura CUDA}{subsection.4.1}
\BOOKMARK [2][-]{subsection.4.2}{ Dise\361o del algoritmo gen\351tico}{section.4}
\BOOKMARK [2][-]{subsection.4.3}{ Interfaz del programador}{section.4}
\BOOKMARK [1][-]{section.5}{Experimentaci\363n}{}
\BOOKMARK [2][-]{subsection.5.1}{ Tareas de clasificaci\363n}{section.5}
\BOOKMARK [2][-]{subsection.5.2}{ Tareas de control}{section.5}
\BOOKMARK [2][-]{subsection.5.3}{ Juegos de estrategia abstractos}{section.5}
\BOOKMARK [2][-]{subsection.5.4}{ Juegos en tiempo real}{section.5}
\BOOKMARK [2][-]{subsection.5.5}{ Juegos con colaboraci\363n de m\372ltiples agentes}{section.5}
\BOOKMARK [1][-]{section.6}{Resultados}{}
\BOOKMARK [2][-]{subsection.6.1}{ Rendimiento de las implementaciones de red neuronal}{section.6}
\BOOKMARK [2][-]{subsection.6.2}{ Comparaci\363n entre redes discretas y lineales}{section.6}
\BOOKMARK [2][-]{subsection.6.3}{ Comparaci\363n de operadores gen\351ticos}{section.6}
\BOOKMARK [2][-]{subsection.6.4}{ Eficiencia del m\351todo desarrollado para distintos problemas}{section.6}
\BOOKMARK [1][-]{section.7}{Conclusiones}{}
\BOOKMARK [0][-]{section*.2}{Bibliograf\355a}{}
